2025-11-17 17:59:18,335 - INFO - 📄 Found file 2 in config file, parsing headers...
2025-11-17 17:59:18,385 - INFO - ✅ Headers parsing completed.
2025-11-17 17:59:18,448 - INFO - 👀 Watching for new CSV files in: /shared/telemetry_parser/input/
2025-11-17 17:59:28,618 - INFO - 📄 New CSV file detected: /shared/telemetry_parser/input/TOR-VPC-1_bulkstats_20251016_173001_ART_15_15.csv
2025-11-17 17:59:29,124 - INFO - Start processing lines...
2025-11-17 17:59:32,861 - INFO - Process complete! 7851 matching lines processed
2025-11-17 17:59:55,065 - INFO - 🛑 Stopping Telemetry Parser...
2025-11-17 18:01:23,457 - INFO - 📄 Found file 2 in config file, parsing headers...
2025-11-17 18:01:23,484 - INFO - ✅ Headers parsing completed.
2025-11-17 18:01:23,497 - INFO - 👀 Watching for new CSV files in: /shared/telemetry_parser/input/
2025-11-17 18:01:50,025 - INFO - 🛑 Stopping Telemetry Parser...
2025-11-17 18:03:14,169 - INFO - 📄 Found file 2 in config file, parsing headers...
2025-11-17 18:03:14,194 - INFO - ✅ Headers parsing completed.
2025-11-17 18:03:14,204 - INFO - 👀 Watching for new CSV files in: /shared/telemetry_parser/input/
2025-11-17 18:03:49,857 - INFO - 🛑 Stopping Telemetry Parser...
2025-11-17 18:28:14,703 - INFO - 📄 Found file 2 in config file, parsing headers...
2025-11-17 18:28:14,756 - INFO - ✅ Headers parsing completed.
2025-11-17 18:28:14,779 - INFO - 👀 Watching for new CSV files in: /shared/telemetry_parser/input/
2025-11-17 18:28:18,851 - INFO - 📄 New CSV file detected: /shared/telemetry_parser/input/TOR-VPC-1_bulkstats_20251016_171500_ART_15_15.csv
2025-11-17 18:28:19,359 - INFO - Start processing lines...
2025-11-17 18:28:22,971 - INFO - Process complete! 7851 matching lines processed
2025-11-17 18:28:26,278 - INFO - 🛑 Stopping Telemetry Parser...
